{"total": {"lines":{"total":261,"covered":69,"skipped":0,"pct":26.43},"statements":{"total":303,"covered":78,"skipped":0,"pct":25.74},"functions":{"total":53,"covered":9,"skipped":0,"pct":16.98},"branches":{"total":155,"covered":53,"skipped":0,"pct":34.19},"branchesTrue":{"total":0,"covered":0,"skipped":0,"pct":"Unknown"}}
,"/home/marlburrow/pinchchat/src/lib/credentials.ts": {"lines":{"total":9,"covered":0,"skipped":0,"pct":0},"functions":{"total":3,"covered":0,"skipped":0,"pct":0},"statements":{"total":11,"covered":0,"skipped":0,"pct":0},"branches":{"total":6,"covered":0,"skipped":0,"pct":0}}
,"/home/marlburrow/pinchchat/src/lib/exportChat.ts": {"lines":{"total":41,"covered":26,"skipped":0,"pct":63.41},"functions":{"total":2,"covered":1,"skipped":0,"pct":50},"statements":{"total":41,"covered":26,"skipped":0,"pct":63.41},"branches":{"total":26,"covered":18,"skipped":0,"pct":69.23}}
,"/home/marlburrow/pinchchat/src/lib/gateway.ts": {"lines":{"total":81,"covered":0,"skipped":0,"pct":0},"functions":{"total":26,"covered":0,"skipped":0,"pct":0},"statements":{"total":102,"covered":0,"skipped":0,"pct":0},"branches":{"total":48,"covered":0,"skipped":0,"pct":0}}
,"/home/marlburrow/pinchchat/src/lib/highlight.ts": {"lines":{"total":26,"covered":0,"skipped":0,"pct":0},"functions":{"total":0,"covered":0,"skipped":0,"pct":100},"statements":{"total":26,"covered":0,"skipped":0,"pct":0},"branches":{"total":0,"covered":0,"skipped":0,"pct":100}}
,"/home/marlburrow/pinchchat/src/lib/i18n.ts": {"lines":{"total":27,"covered":0,"skipped":0,"pct":0},"functions":{"total":7,"covered":0,"skipped":0,"pct":0},"statements":{"total":34,"covered":0,"skipped":0,"pct":0},"branches":{"total":25,"covered":0,"skipped":0,"pct":0}}
,"/home/marlburrow/pinchchat/src/lib/image.ts": {"lines":{"total":3,"covered":0,"skipped":0,"pct":0},"functions":{"total":1,"covered":0,"skipped":0,"pct":0},"statements":{"total":5,"covered":0,"skipped":0,"pct":0},"branches":{"total":4,"covered":0,"skipped":0,"pct":0}}
,"/home/marlburrow/pinchchat/src/lib/notificationSound.ts": {"lines":{"total":27,"covered":0,"skipped":0,"pct":0},"functions":{"total":3,"covered":0,"skipped":0,"pct":0},"statements":{"total":28,"covered":0,"skipped":0,"pct":0},"branches":{"total":9,"covered":0,"skipped":0,"pct":0}}
,"/home/marlburrow/pinchchat/src/lib/relativeTime.ts": {"lines":{"total":13,"covered":13,"skipped":0,"pct":100},"functions":{"total":1,"covered":1,"skipped":0,"pct":100},"statements":{"total":18,"covered":18,"skipped":0,"pct":100},"branches":{"total":10,"covered":10,"skipped":0,"pct":100}}
,"/home/marlburrow/pinchchat/src/lib/sessionName.ts": {"lines":{"total":16,"covered":16,"skipped":0,"pct":100},"functions":{"total":3,"covered":3,"skipped":0,"pct":100},"statements":{"total":18,"covered":18,"skipped":0,"pct":100},"branches":{"total":18,"covered":17,"skipped":0,"pct":94.44}}
,"/home/marlburrow/pinchchat/src/lib/systemEvent.ts": {"lines":{"total":14,"covered":14,"skipped":0,"pct":100},"functions":{"total":4,"covered":4,"skipped":0,"pct":100},"statements":{"total":16,"covered":16,"skipped":0,"pct":100},"branches":{"total":8,"covered":8,"skipped":0,"pct":100}}
,"/home/marlburrow/pinchchat/src/lib/utils.ts": {"lines":{"total":4,"covered":0,"skipped":0,"pct":0},"functions":{"total":3,"covered":0,"skipped":0,"pct":0},"statements":{"total":4,"covered":0,"skipped":0,"pct":0},"branches":{"total":1,"covered":0,"skipped":0,"pct":0}}
}
